<?xml version="1.0" encoding="UTF-8"?>
<!-- Generated by org.testng.reporters.JUnitXMLReporter -->
<testsuite ignored="0" hostname="Laptop-Dell" failures="1" tests="36" name="TruleagueProspect Tests " time="256.835" errors="0" timestamp="2024-06-13T13:23:04 IST">
  <testcase classname="com.truleagueprospect.testcases.Register" name="verifyRegisterAnAccountByProvidingMandatoryFields" time="2.034"/>
  <testcase classname="com.truleagueprospect.testcases.Register" name="verifyLoginWithPuttingEmptySpacesIntheFirstNameField" time="2.473"/>
  <testcase classname="com.truleagueprospect.testcases.Register" name="verifyLoginWithPuttingEmptySpacesIntheLastNameField" time="2.506"/>
  <testcase classname="com.truleagueprospect.testcases.Register" name="verifyRegisteringAnAccountByLeavingBlankInFirstNameAndFillAlltheValidDetails" time="2.824"/>
  <testcase classname="com.truleagueprospect.testcases.Register" name="verifyRegisteringAnAccountByLeavingBlankInLastNameAndFillAlltheValidDetails" time="2.792"/>
  <testcase classname="com.truleagueprospect.testcases.Register" name="verifyRegisteringAnAccountByLeavingBlankInFirstNameAndLastNameAndFillAlltheValidDetails" time="2.833"/>
  <testcase classname="com.truleagueprospect.testcases.Register" name="ValidateRegisteringAnAccountByProvidingValidEmailAndDontEnterAnyFields" time="2.65"/>
  <testcase classname="com.truleagueprospect.testcases.Register" name="verifyRegisterWithWrongEmailId" time="2.603"/>
  <testcase classname="com.truleagueprospect.testcases.Register" name="validateRegisteringAnAccountByProvidingNumberOnlyInEmailField" time="10.048">
    <failure type="org.openqa.selenium.NoSuchElementException" message="no such element: Unable to locate element: {&amp;quot;method&amp;quot;:&amp;quot;css selector&amp;quot;,&amp;quot;selector&amp;quot;:&amp;quot;*[name=&amp;apos;first_name&amp;apos;]&amp;quot;}
  (Session info: chrome=125.0.6422.142)
For documentation on this error, please visit: https://www.selenium.dev/documentation/webdriver/troubleshooting/errors#no-such-element-exception
Build info: version: &amp;apos;4.19.1&amp;apos;, revision: &amp;apos;abe0ee07dc&amp;apos;
System info: os.name: &amp;apos;Windows 11&amp;apos;, os.arch: &amp;apos;amd64&amp;apos;, os.version: &amp;apos;10.0&amp;apos;, java.version: &amp;apos;21.0.1&amp;apos;
Driver info: org.openqa.selenium.chrome.ChromeDriver
Command: [17c92a006421b97814fdd2d12fce8334, findElement {value=first_name, using=name}]
Capabilities {acceptInsecureCerts: false, browserName: chrome, browserVersion: 125.0.6422.142, chrome: {chromedriverVersion: 125.0.6422.141 (4b1e8393712..., userDataDir: C:\Users\HARSH\AppData\Loca...}, fedcm:accounts: true, goog:chromeOptions: {debuggerAddress: localhost:63259}, networkConnectionEnabled: false, pageLoadStrategy: normal, platformName: windows, proxy: Proxy(), se:cdp: ws://localhost:63259/devtoo..., se:cdpVersion: 125.0.6422.142, setWindowRect: true, strictFileInteractability: false, timeouts: {implicit: 0, pageLoad: 300000, script: 30000}, unhandledPromptBehavior: dismiss and notify, webauthn:extension:credBlob: true, webauthn:extension:largeBlob: true, webauthn:extension:minPinLength: true, webauthn:extension:prf: true, webauthn:virtualAuthenticators: true}
Session ID: 17c92a006421b97814fdd2d12fce8334">
      <![CDATA[org.openqa.selenium.NoSuchElementException: no such element: Unable to locate element: {"method":"css selector","selector":"*[name='first_name']"}
  (Session info: chrome=125.0.6422.142)
For documentation on this error, please visit: https://www.selenium.dev/documentation/webdriver/troubleshooting/errors#no-such-element-exception
Build info: version: '4.19.1', revision: 'abe0ee07dc'
System info: os.name: 'Windows 11', os.arch: 'amd64', os.version: '10.0', java.version: '21.0.1'
Driver info: org.openqa.selenium.chrome.ChromeDriver
Command: [17c92a006421b97814fdd2d12fce8334, findElement {value=first_name, using=name}]
Capabilities {acceptInsecureCerts: false, browserName: chrome, browserVersion: 125.0.6422.142, chrome: {chromedriverVersion: 125.0.6422.141 (4b1e8393712..., userDataDir: C:\Users\HARSH\AppData\Loca...}, fedcm:accounts: true, goog:chromeOptions: {debuggerAddress: localhost:63259}, networkConnectionEnabled: false, pageLoadStrategy: normal, platformName: windows, proxy: Proxy(), se:cdp: ws://localhost:63259/devtoo..., se:cdpVersion: 125.0.6422.142, setWindowRect: true, strictFileInteractability: false, timeouts: {implicit: 0, pageLoad: 300000, script: 30000}, unhandledPromptBehavior: dismiss and notify, webauthn:extension:credBlob: true, webauthn:extension:largeBlob: true, webauthn:extension:minPinLength: true, webauthn:extension:prf: true, webauthn:virtualAuthenticators: true}
Session ID: 17c92a006421b97814fdd2d12fce8334
at org.openqa.selenium.remote.ErrorCodec.decode(ErrorCodec.java:167)
at org.openqa.selenium.remote.codec.w3c.W3CHttpResponseCodec.decode(W3CHttpResponseCodec.java:138)
at org.openqa.selenium.remote.codec.w3c.W3CHttpResponseCodec.decode(W3CHttpResponseCodec.java:50)
at org.openqa.selenium.remote.HttpCommandExecutor.execute(HttpCommandExecutor.java:190)
at org.openqa.selenium.remote.service.DriverCommandExecutor.invokeExecute(DriverCommandExecutor.java:216)
at org.openqa.selenium.remote.service.DriverCommandExecutor.execute(DriverCommandExecutor.java:174)
at org.openqa.selenium.remote.RemoteWebDriver.execute(RemoteWebDriver.java:518)
at org.openqa.selenium.remote.ElementLocation$ElementFinder$2.findElement(ElementLocation.java:165)
at org.openqa.selenium.remote.ElementLocation.findElement(ElementLocation.java:66)
at org.openqa.selenium.remote.RemoteWebDriver.findElement(RemoteWebDriver.java:355)
at org.openqa.selenium.remote.RemoteWebDriver.findElement(RemoteWebDriver.java:349)
at org.openqa.selenium.support.pagefactory.DefaultElementLocator.findElement(DefaultElementLocator.java:68)
at org.openqa.selenium.support.pagefactory.internal.LocatingElementHandler.invoke(LocatingElementHandler.java:38)
at jdk.proxy2/jdk.proxy2.$Proxy13.sendKeys(Unknown Source)
at com.truleagueprospect.pages.RegisterPage.firstNameField(RegisterPage.java:86)
at com.truleagueprospect.testcases.Register.validateRegisteringAnAccountByProvidingNumberOnlyInEmailField(Register.java:253)
at java.base/java.util.ArrayList.forEach(ArrayList.java:1596)
... Removed 28 stack frames]]>
    </failure>
  </testcase> <!-- validateRegisteringAnAccountByProvidingNumberOnlyInEmailField -->
  <testcase classname="com.truleagueprospect.testcases.Register" name="verifyRegisterWorkingFunctionllityEyeButton" time="0.251"/>
  <testcase classname="com.truleagueprospect.testcases.Register" name="validateAlltheMandatoryFieldsInRegisterProperPlaceHolder" time="0.192"/>
  <testcase classname="com.truleagueprospect.testcases.Register" name="verifyWhetherThePrivacyPolicyCheckBoxIsSelectedByDefault" time="0.055"/>
  <testcase classname="com.truleagueprospect.testcases.Register" name="validateRegisterAnAccountByUsingKeyBoard" time="1.698"/>
  <testcase classname="com.truleagueprospect.testcases.Login" name="verifyLoginWithValidCredenetials" time="3.975"/>
  <testcase classname="com.truleagueprospect.testcases.Login" name="verifyLoginWithValidCredenetials" time="3.89"/>
  <testcase classname="com.truleagueprospect.testcases.Login" name="verifyLoginWithValidCredenetials" time="3.836"/>
  <testcase classname="com.truleagueprospect.testcases.Login" name="verifyLoginWithValidCredenetials" time="3.478"/>
  <testcase classname="com.truleagueprospect.testcases.Login" name="verifyLoginWithValidCredenetials" time="3.555"/>
  <testcase classname="com.truleagueprospect.testcases.Login" name="verifyLoginWithValidCredenetials" time="3.575"/>
  <testcase classname="com.truleagueprospect.testcases.Login" name="verifyLoginWithValidCredenetials" time="3.973"/>
  <testcase classname="com.truleagueprospect.testcases.Login" name="verifyLoginWithInvalidCreadentials" time="1.058"/>
  <testcase classname="com.truleagueprospect.testcases.Login" name="verifyLoginWithInValidEmailAndValidPassword" time="1.212"/>
  <testcase classname="com.truleagueprospect.testcases.Login" name="verifyLoginWithValidEmailAndInValidPassword" time="1.405"/>
  <testcase classname="com.truleagueprospect.testcases.Login" name="verifyLoginWithoutProvidingCredentials" time="0.442"/>
  <testcase classname="com.truleagueprospect.testcases.Login" name="verifyForgotPasswordLinkAvailableandRedirecting" time="2.911"/>
  <testcase classname="com.truleagueprospect.testcases.Login" name="verifyEmailAndPasswordTextFieldsLoginHavePlaceHolderText" time="0.112"/>
  <testcase classname="com.truleagueprospect.testcases.Login" name="verifyLoginIntoApplicationClickingBrowsingBackButton" time="4.286"/>
  <testcase classname="com.truleagueprospect.testcases.Login" name="verifyLoginIntoApplicationClickingLogoutAndBrowsingBackButton" time="3.626"/>
  <testcase classname="com.truleagueprospect.testcases.Login" name="verifyWorkingOfEyeIcon" time="0.235"/>
  <testcase classname="com.truleagueprospect.testcases.Login" name="veriyLoginPageCrossButtonWokingOrNot" time="0.173"/>
  <testcase classname="com.truleagueprospect.testcases.Login" name="verifyLoginRedirectionToSignUpPage" time="0.333"/>
  <testcase classname="com.truleagueprospect.testcases.Login" name="verifyLoginIntoApplicationUsingCapsLock" time="0.443"/>
  <testcase classname="com.truleagueprospect.testcases.Login" name="verifyLoginIntoApplicationGoingFromViewProfile" time="7.65"/>
  <testcase classname="com.truleagueprospect.testcases.Login" name="verifyThePasswordIsNotVisibleInPageSource" time="0.198"/>
  <testcase classname="com.truleagueprospect.testcases.Login" name="verifyNavagatingLoginPageFromChatWindow" time="4.796"/>
  <testcase classname="com.truleagueprospect.testcases.Login" name="pageHeadingTititle" time="0.49"/>
</testsuite> <!-- TruleagueProspect Tests  -->
