<?xml version="1.0" encoding="UTF-8"?>
<!-- Generated by org.testng.reporters.JUnitReportReporter -->
<testsuite hostname="Laptop-Dell" failures="1" tests="14" name="com.truleagueprospect.testcases.Register" time="71.002" errors="1" timestamp="2024-06-27T14:44:44 IST" skipped="9">
  <testcase classname="com.truleagueprospect.testcases.Register" name="setup" time="20.424">
    <error message="timeout: Timed out receiving message from renderer: 2.615
  (Session info: chrome=126.0.6478.127)
Build info: version: &#039;4.19.1&#039;, revision: &#039;abe0ee07dc&#039;
System info: os.name: &#039;Windows 11&#039;, os.arch: &#039;amd64&#039;, os.version: &#039;10.0&#039;, java.version: &#039;21.0.1&#039;
Driver info: org.openqa.selenium.chrome.ChromeDriver
Command: [9a52a6a779e183c7824185bdbfd225cd, get {url=https://babson-test.truleague.com/}]
Capabilities {acceptInsecureCerts: false, browserName: chrome, browserVersion: 126.0.6478.127, chrome: {chromedriverVersion: 126.0.6478.126 (d36ace6122e..., userDataDir: C:\Users\HARSH\AppData\Loca...}, fedcm:accounts: true, goog:chromeOptions: {debuggerAddress: localhost:61496}, networkConnectionEnabled: false, pageLoadStrategy: normal, platformName: windows, proxy: Proxy(), se:cdp: ws://localhost:61496/devtoo..., se:cdpVersion: 126.0.6478.127, setWindowRect: true, strictFileInteractability: false, timeouts: {implicit: 0, pageLoad: 300000, script: 30000}, unhandledPromptBehavior: dismiss and notify, webauthn:extension:credBlob: true, webauthn:extension:largeBlob: true, webauthn:extension:minPinLength: true, webauthn:extension:prf: true, webauthn:virtualAuthenticators: true}
Session ID: 9a52a6a779e183c7824185bdbfd225cd" type="org.openqa.selenium.TimeoutException">
      <![CDATA[org.openqa.selenium.TimeoutException: timeout: Timed out receiving message from renderer: 2.615
  (Session info: chrome=126.0.6478.127)
Build info: version: '4.19.1', revision: 'abe0ee07dc'
System info: os.name: 'Windows 11', os.arch: 'amd64', os.version: '10.0', java.version: '21.0.1'
Driver info: org.openqa.selenium.chrome.ChromeDriver
Command: [9a52a6a779e183c7824185bdbfd225cd, get {url=https://babson-test.truleague.com/}]
Capabilities {acceptInsecureCerts: false, browserName: chrome, browserVersion: 126.0.6478.127, chrome: {chromedriverVersion: 126.0.6478.126 (d36ace6122e..., userDataDir: C:\Users\HARSH\AppData\Loca...}, fedcm:accounts: true, goog:chromeOptions: {debuggerAddress: localhost:61496}, networkConnectionEnabled: false, pageLoadStrategy: normal, platformName: windows, proxy: Proxy(), se:cdp: ws://localhost:61496/devtoo..., se:cdpVersion: 126.0.6478.127, setWindowRect: true, strictFileInteractability: false, timeouts: {implicit: 0, pageLoad: 300000, script: 30000}, unhandledPromptBehavior: dismiss and notify, webauthn:extension:credBlob: true, webauthn:extension:largeBlob: true, webauthn:extension:minPinLength: true, webauthn:extension:prf: true, webauthn:virtualAuthenticators: true}
Session ID: 9a52a6a779e183c7824185bdbfd225cd
at java.base/jdk.internal.reflect.DirectConstructorHandleAccessor.newInstance(DirectConstructorHandleAccessor.java:62)
at java.base/java.lang.reflect.Constructor.newInstanceWithCaller(Constructor.java:502)
at java.base/java.lang.reflect.Constructor.newInstance(Constructor.java:486)
at org.openqa.selenium.remote.ErrorCodec.decode(ErrorCodec.java:167)
at org.openqa.selenium.remote.codec.w3c.W3CHttpResponseCodec.decode(W3CHttpResponseCodec.java:138)
at org.openqa.selenium.remote.codec.w3c.W3CHttpResponseCodec.decode(W3CHttpResponseCodec.java:50)
at org.openqa.selenium.remote.HttpCommandExecutor.execute(HttpCommandExecutor.java:190)
at org.openqa.selenium.remote.service.DriverCommandExecutor.invokeExecute(DriverCommandExecutor.java:216)
at org.openqa.selenium.remote.service.DriverCommandExecutor.execute(DriverCommandExecutor.java:174)
at org.openqa.selenium.remote.RemoteWebDriver.execute(RemoteWebDriver.java:518)
at org.openqa.selenium.remote.RemoteWebDriver.get(RemoteWebDriver.java:300)
at com.truleagueprospectbase.Base.intializeBrowserAndOpenApplicationUrl(Base.java:59)
at com.truleagueprospect.testcases.Register.setup(Register.java:28)
at java.base/jdk.internal.reflect.DirectMethodHandleAccessor.invoke(DirectMethodHandleAccessor.java:103)
at java.base/java.lang.reflect.Method.invoke(Method.java:580)
at org.testng.internal.invokers.MethodInvocationHelper.invokeMethod(MethodInvocationHelper.java:139)
at org.testng.internal.invokers.MethodInvocationHelper.invokeMethodConsideringTimeout(MethodInvocationHelper.java:69)
at org.testng.internal.invokers.ConfigInvoker.invokeConfigurationMethod(ConfigInvoker.java:390)
at org.testng.internal.invokers.ConfigInvoker.invokeConfigurations(ConfigInvoker.java:325)
at org.testng.internal.invokers.TestInvoker.runConfigMethods(TestInvoker.java:810)
at org.testng.internal.invokers.TestInvoker.invokeMethod(TestInvoker.java:577)
at org.testng.internal.invokers.TestInvoker.invokeTestMethod(TestInvoker.java:227)
at org.testng.internal.invokers.MethodRunner.runInSequence(MethodRunner.java:50)
at org.testng.internal.invokers.TestInvoker$MethodInvocationAgent.invoke(TestInvoker.java:957)
at org.testng.internal.invokers.TestInvoker.invokeTestMethods(TestInvoker.java:200)
at org.testng.internal.invokers.TestMethodWorker.invokeTestMethods(TestMethodWorker.java:148)
at org.testng.internal.invokers.TestMethodWorker.run(TestMethodWorker.java:128)
at java.base/java.util.ArrayList.forEach(ArrayList.java:1596)
at org.testng.TestRunner.privateRun(TestRunner.java:848)
at org.testng.TestRunner.run(TestRunner.java:621)
at org.testng.SuiteRunner.runTest(SuiteRunner.java:443)
at org.testng.SuiteRunner.runSequentially(SuiteRunner.java:437)
at org.testng.SuiteRunner.privateRun(SuiteRunner.java:397)
at org.testng.SuiteRunner.run(SuiteRunner.java:336)
at org.testng.SuiteRunnerWorker.runSuite(SuiteRunnerWorker.java:52)
at org.testng.SuiteRunnerWorker.run(SuiteRunnerWorker.java:95)
at org.testng.TestNG.runSuitesSequentially(TestNG.java:1280)
at org.testng.TestNG.runSuitesLocally(TestNG.java:1200)
at org.testng.TestNG.runSuites(TestNG.java:1114)
at org.testng.TestNG.run(TestNG.java:1082)
at org.testng.remote.AbstractRemoteTestNG.run(AbstractRemoteTestNG.java:115)
at org.testng.remote.RemoteTestNG.initAndRun(RemoteTestNG.java:251)
at org.testng.remote.RemoteTestNG.main(RemoteTestNG.java:77)
]]>
    </error>
  </testcase> <!-- setup -->
  <testcase classname="com.truleagueprospect.testcases.Register" name="verifyRegisterAnAccountByProvidingMandatoryFields" time="14.381">
    <failure message="expected [Signup Not Done By User or Message is Not Coming for second page ! ] but found [true]" type="java.lang.AssertionError">
      <![CDATA[java.lang.AssertionError: expected [Signup Not Done By User or Message is Not Coming for second page ! ] but found [true]
at org.testng.Assert.fail(Assert.java:111)
at org.testng.Assert.failNotEquals(Assert.java:1578)
at org.testng.Assert.assertEqualsImpl(Assert.java:150)
at org.testng.Assert.assertEquals(Assert.java:132)
at org.testng.Assert.assertEquals(Assert.java:644)
at com.truleagueprospect.testcases.Register.verifyRegisterAnAccountByProvidingMandatoryFields(Register.java:56)
at java.base/jdk.internal.reflect.DirectMethodHandleAccessor.invoke(DirectMethodHandleAccessor.java:103)
at java.base/java.lang.reflect.Method.invoke(Method.java:580)
at org.testng.internal.invokers.MethodInvocationHelper.invokeMethod(MethodInvocationHelper.java:139)
at org.testng.internal.invokers.TestInvoker.invokeMethod(TestInvoker.java:664)
at org.testng.internal.invokers.TestInvoker.invokeTestMethod(TestInvoker.java:227)
at org.testng.internal.invokers.MethodRunner.runInSequence(MethodRunner.java:50)
at org.testng.internal.invokers.TestInvoker$MethodInvocationAgent.invoke(TestInvoker.java:957)
at org.testng.internal.invokers.TestInvoker.invokeTestMethods(TestInvoker.java:200)
at org.testng.internal.invokers.TestMethodWorker.invokeTestMethods(TestMethodWorker.java:148)
at org.testng.internal.invokers.TestMethodWorker.run(TestMethodWorker.java:128)
at java.base/java.util.ArrayList.forEach(ArrayList.java:1596)
at org.testng.TestRunner.privateRun(TestRunner.java:848)
at org.testng.TestRunner.run(TestRunner.java:621)
at org.testng.SuiteRunner.runTest(SuiteRunner.java:443)
at org.testng.SuiteRunner.runSequentially(SuiteRunner.java:437)
at org.testng.SuiteRunner.privateRun(SuiteRunner.java:397)
at org.testng.SuiteRunner.run(SuiteRunner.java:336)
at org.testng.SuiteRunnerWorker.runSuite(SuiteRunnerWorker.java:52)
at org.testng.SuiteRunnerWorker.run(SuiteRunnerWorker.java:95)
at org.testng.TestNG.runSuitesSequentially(TestNG.java:1280)
at org.testng.TestNG.runSuitesLocally(TestNG.java:1200)
at org.testng.TestNG.runSuites(TestNG.java:1114)
at org.testng.TestNG.run(TestNG.java:1082)
at org.testng.remote.AbstractRemoteTestNG.run(AbstractRemoteTestNG.java:115)
at org.testng.remote.RemoteTestNG.initAndRun(RemoteTestNG.java:251)
at org.testng.remote.RemoteTestNG.main(RemoteTestNG.java:77)
]]>
    </failure>
  </testcase> <!-- verifyRegisterAnAccountByProvidingMandatoryFields -->
  <testcase classname="com.truleagueprospect.testcases.Register" name="verifyLoginWithPuttingEmptySpacesIntheFirstNameField" time="22.387"/>
  <testcase classname="com.truleagueprospect.testcases.Register" name="verifyLoginWithPuttingEmptySpacesIntheLastNameField" time="11.005"/>
  <testcase classname="com.truleagueprospect.testcases.Register" name="verifyRegisteringAnAccountByLeavingBlankInFirstNameAndFillAlltheValidDetails" time="2.805"/>
  <testcase classname="com.truleagueprospect.testcases.Register" name="verifyRegisteringAnAccountByLeavingBlankInLastNameAndFillAlltheValidDetails" time="0.000">
    <skipped/>
  </testcase> <!-- verifyRegisteringAnAccountByLeavingBlankInLastNameAndFillAlltheValidDetails -->
  <testcase classname="com.truleagueprospect.testcases.Register" name="verifyRegisteringAnAccountByLeavingBlankInFirstNameAndLastNameAndFillAlltheValidDetails" time="0.000">
    <skipped/>
  </testcase> <!-- verifyRegisteringAnAccountByLeavingBlankInFirstNameAndLastNameAndFillAlltheValidDetails -->
  <testcase classname="com.truleagueprospect.testcases.Register" name="ValidateRegisteringAnAccountByProvidingValidEmailAndDontEnterAnyFields" time="0.000">
    <skipped/>
  </testcase> <!-- ValidateRegisteringAnAccountByProvidingValidEmailAndDontEnterAnyFields -->
  <testcase classname="com.truleagueprospect.testcases.Register" name="verifyRegisterWithWrongEmailId" time="0.000">
    <skipped/>
  </testcase> <!-- verifyRegisterWithWrongEmailId -->
  <testcase classname="com.truleagueprospect.testcases.Register" name="validateRegisteringAnAccountByProvidingNumberOnlyInEmailField" time="0.000">
    <skipped/>
  </testcase> <!-- validateRegisteringAnAccountByProvidingNumberOnlyInEmailField -->
  <testcase classname="com.truleagueprospect.testcases.Register" name="verifyRegisterWorkingFunctionllityEyeButton" time="0.000">
    <skipped/>
  </testcase> <!-- verifyRegisterWorkingFunctionllityEyeButton -->
  <testcase classname="com.truleagueprospect.testcases.Register" name="validateAlltheMandatoryFieldsInRegisterProperPlaceHolder" time="0.000">
    <skipped/>
  </testcase> <!-- validateAlltheMandatoryFieldsInRegisterProperPlaceHolder -->
  <testcase classname="com.truleagueprospect.testcases.Register" name="verifyWhetherThePrivacyPolicyCheckBoxIsSelectedByDefault" time="0.000">
    <skipped/>
  </testcase> <!-- verifyWhetherThePrivacyPolicyCheckBoxIsSelectedByDefault -->
  <testcase classname="com.truleagueprospect.testcases.Register" name="validateRegisterAnAccountByUsingKeyBoard" time="0.000">
    <skipped/>
  </testcase> <!-- validateRegisterAnAccountByUsingKeyBoard -->
</testsuite> <!-- com.truleagueprospect.testcases.Register -->
